<?xml version="1.0" encoding="UTF-8"?>
<testsuite name="v2.version2.ValidatorUniqueTest" tests="2" skipped="0" failures="0" errors="0" timestamp="2016-12-19T06:55:41" hostname="DESKTOP-FBGHD84" time="0.007">
  <properties/>
  <testcase name="validateF" classname="v2.version2.ValidatorUniqueTest" time="0.005"/>
  <testcase name="validateT" classname="v2.version2.ValidatorUniqueTest" time="0.001"/>
  <system-out><![CDATA[]]></system-out>
  <system-err><![CDATA[]]></system-err>
</testsuite>
