<?xml version="1.0" encoding="UTF-8"?>
<testsuite name="v2.version2.ParserTest" tests="2" skipped="0" failures="0" errors="0" timestamp="2016-12-19T06:55:41" hostname="DESKTOP-FBGHD84" time="0.006">
  <properties/>
  <testcase name="parseWordsF" classname="v2.version2.ParserTest" time="0.006"/>
  <testcase name="parseWordsT" classname="v2.version2.ParserTest" time="0.0"/>
  <system-out><![CDATA[]]></system-out>
  <system-err><![CDATA[]]></system-err>
</testsuite>
